<?xml version="1.0" encoding="UTF-8"?>
<!-- Generated by org.testng.reporters.JUnitXMLReporter -->
<testsuite hostname="synps3152487" failures="0" tests="0" time="0.004" errors="0" timestamp="4 Jun 2020 17:40:51 GMT">
  <testcase classname="HomePage.TC_09Test" name="@AfterTest closeBrowser" time="0.0">
    <failure type="java.lang.NullPointerException">
      <![CDATA[java.lang.NullPointerException
	at resources.Base.tearDown(Base.java:36)
	at HomePage.TC_09Test.closeBrowser(TC_09Test.java:44)
... Removed 22 stack frames]]>
    </failure>
  </testcase> <!-- @AfterTest closeBrowser -->
</testsuite>
