<?xml version="1.0" encoding="UTF-8"?>
<testng-results skipped="0" failed="1" ignored="0" total="12" passed="11">
  <reporter-output>
  </reporter-output>
  <suite name="Suite" duration-ms="331656" started-at="2020-06-16T09:47:56 CDT" finished-at="2020-06-16T09:53:28 CDT">
    <groups>
    </groups>
    <test name="Test1" duration-ms="56734" started-at="2020-06-16T09:47:56 CDT" finished-at="2020-06-16T09:48:53 CDT">
      <class name="HomePage.TC_01Test">
        <test-method status="PASS" signature="initialize()[pri:0, instance:HomePage.TC_01Test@af26ee]" name="initialize" is-config="true" duration-ms="12021" started-at="2020-06-16T09:47:56 CDT" finished-at="2020-06-16T09:48:08 CDT">
          <reporter-output>
          </reporter-output>
        </test-method> <!-- initialize -->
        <test-method status="FAIL" signature="SignIn()[pri:0, instance:HomePage.TC_01Test@af26ee]" name="SignIn" duration-ms="20159" started-at="2020-06-16T09:48:08 CDT" finished-at="2020-06-16T09:48:28 CDT">
          <exception class="org.openqa.selenium.NoSuchElementException">
            <message>
              <![CDATA[no such element: Unable to locate element: {"method":"xpath","selector":"//a[@id='g']"}
  (Session info: chrome=83.0.4103.106)
  (Driver info: chromedriver=2.38.552522 (437e6fbedfa8762dec75e2c5b3ddb86763dc9dcb),platform=Windows NT 10.0.16299 x86_64) (WARNING: The server did not provide any stacktrace information)
Command duration or timeout: 20.12 seconds
For documentation on this error, please visit: http://seleniumhq.org/exceptions/no_such_element.html
Build info: version: '2.52.0', revision: '4c2593cfc3689a7fcd7be52549167e5ccc93ad28', time: '2016-02-11 11:22:43'
System info: host: 'synps3152487', ip: '192.168.42.216', os.name: 'Windows 8.1', os.arch: 'x86', os.version: '6.3', java.version: '1.8.0_45'
Driver info: org.openqa.selenium.chrome.ChromeDriver
Capabilities [{applicationCacheEnabled=false, rotatable=false, mobileEmulationEnabled=false, networkConnectionEnabled=false, chrome={chromedriverVersion=2.38.552522 (437e6fbedfa8762dec75e2c5b3ddb86763dc9dcb), userDataDir=C:\Users\AW5044~1\AppData\Local\Temp\scoped_dir16296_29876}, takesHeapSnapshot=true, pageLoadStrategy=normal, databaseEnabled=false, handlesAlerts=true, hasTouchScreen=false, version=83.0.4103.106, platform=WIN8_1, browserConnectionEnabled=false, nativeEvents=true, acceptSslCerts=false, acceptInsecureCerts=false, locationContextEnabled=true, webStorageEnabled=true, browserName=chrome, takesScreenshot=true, javascriptEnabled=true, cssSelectorsEnabled=true, setWindowRect=true, unexpectedAlertBehaviour=}]
Session ID: fe888c047a348a254f579fef107bbdbf
*** Element info: {Using=xpath, value=//a[@id='g']}]]>
            </message>
            <full-stacktrace>
              <![CDATA[org.openqa.selenium.NoSuchElementException: no such element: Unable to locate element: {"method":"xpath","selector":"//a[@id='g']"}
  (Session info: chrome=83.0.4103.106)
  (Driver info: chromedriver=2.38.552522 (437e6fbedfa8762dec75e2c5b3ddb86763dc9dcb),platform=Windows NT 10.0.16299 x86_64) (WARNING: The server did not provide any stacktrace information)
Command duration or timeout: 20.12 seconds
For documentation on this error, please visit: http://seleniumhq.org/exceptions/no_such_element.html
Build info: version: '2.52.0', revision: '4c2593cfc3689a7fcd7be52549167e5ccc93ad28', time: '2016-02-11 11:22:43'
System info: host: 'synps3152487', ip: '192.168.42.216', os.name: 'Windows 8.1', os.arch: 'x86', os.version: '6.3', java.version: '1.8.0_45'
Driver info: org.openqa.selenium.chrome.ChromeDriver
Capabilities [{applicationCacheEnabled=false, rotatable=false, mobileEmulationEnabled=false, networkConnectionEnabled=false, chrome={chromedriverVersion=2.38.552522 (437e6fbedfa8762dec75e2c5b3ddb86763dc9dcb), userDataDir=C:\Users\AW5044~1\AppData\Local\Temp\scoped_dir16296_29876}, takesHeapSnapshot=true, pageLoadStrategy=normal, databaseEnabled=false, handlesAlerts=true, hasTouchScreen=false, version=83.0.4103.106, platform=WIN8_1, browserConnectionEnabled=false, nativeEvents=true, acceptSslCerts=false, acceptInsecureCerts=false, locationContextEnabled=true, webStorageEnabled=true, browserName=chrome, takesScreenshot=true, javascriptEnabled=true, cssSelectorsEnabled=true, setWindowRect=true, unexpectedAlertBehaviour=}]
Session ID: fe888c047a348a254f579fef107bbdbf
*** Element info: {Using=xpath, value=//a[@id='g']}
at sun.reflect.NativeConstructorAccessorImpl.newInstance0(Native Method)
at sun.reflect.NativeConstructorAccessorImpl.newInstance(Unknown Source)
at sun.reflect.DelegatingConstructorAccessorImpl.newInstance(Unknown Source)
at java.lang.reflect.Constructor.newInstance(Unknown Source)
at org.openqa.selenium.remote.ErrorHandler.createThrowable(ErrorHandler.java:206)
at org.openqa.selenium.remote.ErrorHandler.throwIfResponseFailed(ErrorHandler.java:158)
at org.openqa.selenium.remote.RemoteWebDriver.execute(RemoteWebDriver.java:678)
at org.openqa.selenium.remote.RemoteWebDriver.findElement(RemoteWebDriver.java:363)
at org.openqa.selenium.remote.RemoteWebDriver.findElementByXPath(RemoteWebDriver.java:500)
at org.openqa.selenium.By$ByXPath.findElement(By.java:361)
at org.openqa.selenium.remote.RemoteWebDriver.findElement(RemoteWebDriver.java:355)
at pageObjects.TC_01.siginLink(TC_01.java:30)
at HomePage.TC_01Test.SignIn(TC_01Test.java:33)
at sun.reflect.NativeMethodAccessorImpl.invoke0(Native Method)
at sun.reflect.NativeMethodAccessorImpl.invoke(Unknown Source)
at sun.reflect.DelegatingMethodAccessorImpl.invoke(Unknown Source)
at java.lang.reflect.Method.invoke(Unknown Source)
at org.testng.internal.MethodInvocationHelper.invokeMethod(MethodInvocationHelper.java:134)
at org.testng.internal.TestInvoker.invokeMethod(TestInvoker.java:597)
at org.testng.internal.TestInvoker.invokeTestMethod(TestInvoker.java:173)
at org.testng.internal.MethodRunner.runInSequence(MethodRunner.java:46)
at org.testng.internal.TestInvoker$MethodInvocationAgent.invoke(TestInvoker.java:816)
at org.testng.internal.TestInvoker.invokeTestMethods(TestInvoker.java:146)
at org.testng.internal.TestMethodWorker.invokeTestMethods(TestMethodWorker.java:146)
at org.testng.internal.TestMethodWorker.run(TestMethodWorker.java:128)
at org.testng.TestRunner$$Lambda$58/14676151.accept(Unknown Source)
at java.util.ArrayList.forEach(Unknown Source)
at org.testng.TestRunner.privateRun(TestRunner.java:766)
at org.testng.TestRunner.run(TestRunner.java:587)
at org.testng.SuiteRunner.runTest(SuiteRunner.java:384)
at org.testng.SuiteRunner.runSequentially(SuiteRunner.java:378)
at org.testng.SuiteRunner.privateRun(SuiteRunner.java:337)
at org.testng.SuiteRunner.run(SuiteRunner.java:286)
at org.testng.SuiteRunnerWorker.runSuite(SuiteRunnerWorker.java:53)
at org.testng.SuiteRunnerWorker.run(SuiteRunnerWorker.java:96)
at org.testng.TestNG.runSuitesSequentially(TestNG.java:1187)
at org.testng.TestNG.runSuitesLocally(TestNG.java:1109)
at org.testng.TestNG.runSuites(TestNG.java:1039)
at org.testng.TestNG.run(TestNG.java:1007)
at org.apache.maven.surefire.testng.TestNGExecutor.run(TestNGExecutor.java:283)
at org.apache.maven.surefire.testng.TestNGXmlTestSuite.execute(TestNGXmlTestSuite.java:75)
at org.apache.maven.surefire.testng.TestNGProvider.invoke(TestNGProvider.java:120)
at org.apache.maven.surefire.booter.ForkedBooter.runSuitesInProcess(ForkedBooter.java:377)
at org.apache.maven.surefire.booter.ForkedBooter.execute(ForkedBooter.java:138)
at org.apache.maven.surefire.booter.ForkedBooter.run(ForkedBooter.java:465)
at org.apache.maven.surefire.booter.ForkedBooter.main(ForkedBooter.java:451)
]]>
            </full-stacktrace>
          </exception> <!-- org.openqa.selenium.NoSuchElementException -->
          <reporter-output>
          </reporter-output>
        </test-method> <!-- SignIn -->
        <test-method status="PASS" signature="SignOut()[pri:0, instance:HomePage.TC_01Test@af26ee]" name="SignOut" duration-ms="21813" started-at="2020-06-16T09:48:29 CDT" finished-at="2020-06-16T09:48:51 CDT">
          <reporter-output>
          </reporter-output>
        </test-method> <!-- SignOut -->
        <test-method status="PASS" signature="closeBrowser()[pri:0, instance:HomePage.TC_01Test@af26ee]" name="closeBrowser" is-config="true" duration-ms="2117" started-at="2020-06-16T09:48:51 CDT" finished-at="2020-06-16T09:48:53 CDT">
          <reporter-output>
          </reporter-output>
        </test-method> <!-- closeBrowser -->
      </class> <!-- HomePage.TC_01Test -->
    </test> <!-- Test1 -->
    <test name="Test2" duration-ms="51850" started-at="2020-06-16T09:48:53 CDT" finished-at="2020-06-16T09:49:45 CDT">
      <class name="HomePage.TC_02Test">
        <test-method status="PASS" signature="initialize()[pri:0, instance:HomePage.TC_02Test@16bcf94]" name="initialize" is-config="true" duration-ms="12686" started-at="2020-06-16T09:48:53 CDT" finished-at="2020-06-16T09:49:06 CDT">
          <reporter-output>
          </reporter-output>
        </test-method> <!-- initialize -->
        <test-method status="PASS" signature="headerValidation()[pri:0, instance:HomePage.TC_02Test@16bcf94]" name="headerValidation" duration-ms="39089" started-at="2020-06-16T09:49:06 CDT" finished-at="2020-06-16T09:49:45 CDT">
          <reporter-output>
          </reporter-output>
        </test-method> <!-- headerValidation -->
        <test-method status="PASS" signature="closeBrowser()[pri:0, instance:HomePage.TC_02Test@16bcf94]" name="closeBrowser" is-config="true" duration-ms="74" started-at="2020-06-16T09:49:45 CDT" finished-at="2020-06-16T09:49:45 CDT">
          <reporter-output>
          </reporter-output>
        </test-method> <!-- closeBrowser -->
      </class> <!-- HomePage.TC_02Test -->
    </test> <!-- Test2 -->
    <test name="Test3" duration-ms="16643" started-at="2020-06-16T09:49:45 CDT" finished-at="2020-06-16T09:50:02 CDT">
      <class name="HomePage.TC_03Test">
        <test-method status="PASS" signature="initialize()[pri:0, instance:HomePage.TC_03Test@502377]" name="initialize" is-config="true" duration-ms="11775" started-at="2020-06-16T09:49:45 CDT" finished-at="2020-06-16T09:49:57 CDT">
          <reporter-output>
          </reporter-output>
        </test-method> <!-- initialize -->
        <test-method status="PASS" signature="logoValidation()[pri:0, instance:HomePage.TC_03Test@502377]" name="logoValidation" duration-ms="2326" started-at="2020-06-16T09:49:57 CDT" finished-at="2020-06-16T09:49:59 CDT">
          <reporter-output>
          </reporter-output>
        </test-method> <!-- logoValidation -->
        <test-method status="PASS" signature="closeBrowser()[pri:0, instance:HomePage.TC_03Test@502377]" name="closeBrowser" is-config="true" duration-ms="2539" started-at="2020-06-16T09:49:59 CDT" finished-at="2020-06-16T09:50:02 CDT">
          <reporter-output>
          </reporter-output>
        </test-method> <!-- closeBrowser -->
      </class> <!-- HomePage.TC_03Test -->
    </test> <!-- Test3 -->
    <test name="Test4" duration-ms="27165" started-at="2020-06-16T09:50:02 CDT" finished-at="2020-06-16T09:50:29 CDT">
      <class name="HomePage.TC_04Test">
        <test-method status="PASS" signature="initialize()[pri:0, instance:HomePage.TC_04Test@1ab3f1a]" name="initialize" is-config="true" duration-ms="11368" started-at="2020-06-16T09:50:02 CDT" finished-at="2020-06-16T09:50:14 CDT">
          <reporter-output>
          </reporter-output>
        </test-method> <!-- initialize -->
        <test-method status="PASS" signature="UserOptions()[pri:0, instance:HomePage.TC_04Test@1ab3f1a]" name="UserOptions" duration-ms="15308" started-at="2020-06-16T09:50:14 CDT" finished-at="2020-06-16T09:50:29 CDT">
          <reporter-output>
          </reporter-output>
        </test-method> <!-- UserOptions -->
        <test-method status="PASS" signature="closeBrowser()[pri:0, instance:HomePage.TC_04Test@1ab3f1a]" name="closeBrowser" is-config="true" duration-ms="487" started-at="2020-06-16T09:50:29 CDT" finished-at="2020-06-16T09:50:29 CDT">
          <reporter-output>
          </reporter-output>
        </test-method> <!-- closeBrowser -->
      </class> <!-- HomePage.TC_04Test -->
    </test> <!-- Test4 -->
    <test name="Test5" duration-ms="18327" started-at="2020-06-16T09:50:30 CDT" finished-at="2020-06-16T09:50:48 CDT">
      <class name="HomePage.TC_05Test">
        <test-method status="PASS" signature="initialize()[pri:0, instance:HomePage.TC_05Test@1f639d3]" name="initialize" is-config="true" duration-ms="11018" started-at="2020-06-16T09:50:30 CDT" finished-at="2020-06-16T09:50:41 CDT">
          <reporter-output>
          </reporter-output>
        </test-method> <!-- initialize -->
        <test-method status="PASS" signature="goCareSupport()[pri:0, instance:HomePage.TC_05Test@1f639d3]" name="goCareSupport" duration-ms="5199" started-at="2020-06-16T09:50:41 CDT" finished-at="2020-06-16T09:50:46 CDT">
          <reporter-output>
          </reporter-output>
        </test-method> <!-- goCareSupport -->
        <test-method status="PASS" signature="closeBrowser()[pri:0, instance:HomePage.TC_05Test@1f639d3]" name="closeBrowser" is-config="true" duration-ms="2110" started-at="2020-06-16T09:50:46 CDT" finished-at="2020-06-16T09:50:48 CDT">
          <reporter-output>
          </reporter-output>
        </test-method> <!-- closeBrowser -->
      </class> <!-- HomePage.TC_05Test -->
    </test> <!-- Test5 -->
    <test name="Test6" duration-ms="20376" started-at="2020-06-16T09:50:48 CDT" finished-at="2020-06-16T09:51:08 CDT">
      <class name="HomePage.TC_06Test">
        <test-method status="PASS" signature="initialize()[pri:0, instance:HomePage.TC_06Test@1e69659]" name="initialize" is-config="true" duration-ms="10952" started-at="2020-06-16T09:50:48 CDT" finished-at="2020-06-16T09:50:59 CDT">
          <reporter-output>
          </reporter-output>
        </test-method> <!-- initialize -->
        <test-method status="PASS" signature="earnCredits()[pri:0, instance:HomePage.TC_06Test@1e69659]" name="earnCredits" duration-ms="7086" started-at="2020-06-16T09:50:59 CDT" finished-at="2020-06-16T09:51:06 CDT">
          <reporter-output>
          </reporter-output>
        </test-method> <!-- earnCredits -->
        <test-method status="PASS" signature="closeBrowser()[pri:0, instance:HomePage.TC_06Test@1e69659]" name="closeBrowser" is-config="true" duration-ms="2337" started-at="2020-06-16T09:51:06 CDT" finished-at="2020-06-16T09:51:08 CDT">
          <reporter-output>
          </reporter-output>
        </test-method> <!-- closeBrowser -->
      </class> <!-- HomePage.TC_06Test -->
    </test> <!-- Test6 -->
    <test name="Test7" duration-ms="79651" started-at="2020-06-16T09:51:09 CDT" finished-at="2020-06-16T09:52:28 CDT">
      <class name="HomePage.TC_07Test">
        <test-method status="PASS" signature="initialize()[pri:0, instance:HomePage.TC_07Test@1f981c6]" name="initialize" is-config="true" duration-ms="14391" started-at="2020-06-16T09:51:09 CDT" finished-at="2020-06-16T09:51:23 CDT">
          <reporter-output>
          </reporter-output>
        </test-method> <!-- initialize -->
        <test-method status="PASS" signature="footerLinks()[pri:0, instance:HomePage.TC_07Test@1f981c6]" name="footerLinks" duration-ms="65258" started-at="2020-06-16T09:51:23 CDT" finished-at="2020-06-16T09:52:28 CDT">
          <reporter-output>
          </reporter-output>
        </test-method> <!-- footerLinks -->
      </class> <!-- HomePage.TC_07Test -->
    </test> <!-- Test7 -->
    <test name="Test8" duration-ms="15549" started-at="2020-06-16T09:52:28 CDT" finished-at="2020-06-16T09:52:44 CDT">
      <class name="HomePage.TC_08Test">
        <test-method status="PASS" signature="initialize()[pri:0, instance:HomePage.TC_08Test@8640fa]" name="initialize" is-config="true" duration-ms="9437" started-at="2020-06-16T09:52:28 CDT" finished-at="2020-06-16T09:52:38 CDT">
          <reporter-output>
          </reporter-output>
        </test-method> <!-- initialize -->
        <test-method status="PASS" signature="HoverOffers()[pri:0, instance:HomePage.TC_08Test@8640fa]" name="HoverOffers" duration-ms="3655" started-at="2020-06-16T09:52:38 CDT" finished-at="2020-06-16T09:52:42 CDT">
          <reporter-output>
          </reporter-output>
        </test-method> <!-- HoverOffers -->
        <test-method status="PASS" signature="closeBrowser()[pri:0, instance:HomePage.TC_08Test@8640fa]" name="closeBrowser" is-config="true" duration-ms="2456" started-at="2020-06-16T09:52:42 CDT" finished-at="2020-06-16T09:52:44 CDT">
          <reporter-output>
          </reporter-output>
        </test-method> <!-- closeBrowser -->
      </class> <!-- HomePage.TC_08Test -->
    </test> <!-- Test8 -->
    <test name="Test9" duration-ms="12908" started-at="2020-06-16T09:52:44 CDT" finished-at="2020-06-16T09:52:57 CDT">
      <class name="HomePage.TC_09Test">
        <test-method status="PASS" signature="initialize()[pri:0, instance:HomePage.TC_09Test@1fd2ccd]" name="initialize" is-config="true" duration-ms="10157" started-at="2020-06-16T09:52:44 CDT" finished-at="2020-06-16T09:52:54 CDT">
          <reporter-output>
          </reporter-output>
        </test-method> <!-- initialize -->
        <test-method status="PASS" signature="offersSection()[pri:0, instance:HomePage.TC_09Test@1fd2ccd]" name="offersSection" duration-ms="2676" started-at="2020-06-16T09:52:54 CDT" finished-at="2020-06-16T09:52:57 CDT">
          <reporter-output>
          </reporter-output>
        </test-method> <!-- offersSection -->
        <test-method status="PASS" signature="closeBrowser()[pri:0, instance:HomePage.TC_09Test@1fd2ccd]" name="closeBrowser" is-config="true" duration-ms="74" started-at="2020-06-16T09:52:57 CDT" finished-at="2020-06-16T09:52:57 CDT">
          <reporter-output>
          </reporter-output>
        </test-method> <!-- closeBrowser -->
      </class> <!-- HomePage.TC_09Test -->
    </test> <!-- Test9 -->
    <test name="Test10" duration-ms="17831" started-at="2020-06-16T09:52:57 CDT" finished-at="2020-06-16T09:53:15 CDT">
      <class name="HomePage.TC_10Test">
        <test-method status="PASS" signature="initialize()[pri:0, instance:HomePage.TC_10Test@152216b]" name="initialize" is-config="true" duration-ms="11334" started-at="2020-06-16T09:52:57 CDT" finished-at="2020-06-16T09:53:08 CDT">
          <reporter-output>
          </reporter-output>
        </test-method> <!-- initialize -->
        <test-method status="PASS" signature="HoverProducts()[pri:0, instance:HomePage.TC_10Test@152216b]" name="HoverProducts" duration-ms="4370" started-at="2020-06-16T09:53:08 CDT" finished-at="2020-06-16T09:53:13 CDT">
          <reporter-output>
          </reporter-output>
        </test-method> <!-- HoverProducts -->
        <test-method status="PASS" signature="closeBrowser()[pri:0, instance:HomePage.TC_10Test@152216b]" name="closeBrowser" is-config="true" duration-ms="2125" started-at="2020-06-16T09:53:13 CDT" finished-at="2020-06-16T09:53:15 CDT">
          <reporter-output>
          </reporter-output>
        </test-method> <!-- closeBrowser -->
      </class> <!-- HomePage.TC_10Test -->
    </test> <!-- Test10 -->
    <test name="Test11" duration-ms="12594" started-at="2020-06-16T09:53:15 CDT" finished-at="2020-06-16T09:53:28 CDT">
      <class name="HomePage.TC_11Test">
        <test-method status="PASS" signature="initialize()[pri:0, instance:HomePage.TC_11Test@14a5a98]" name="initialize" is-config="true" duration-ms="9458" started-at="2020-06-16T09:53:15 CDT" finished-at="2020-06-16T09:53:24 CDT">
          <reporter-output>
          </reporter-output>
        </test-method> <!-- initialize -->
        <test-method status="PASS" signature="productsSection()[pri:0, instance:HomePage.TC_11Test@14a5a98]" name="productsSection" duration-ms="2989" started-at="2020-06-16T09:53:24 CDT" finished-at="2020-06-16T09:53:27 CDT">
          <reporter-output>
          </reporter-output>
        </test-method> <!-- productsSection -->
        <test-method status="PASS" signature="closeBrowser()[pri:0, instance:HomePage.TC_11Test@14a5a98]" name="closeBrowser" is-config="true" duration-ms="146" started-at="2020-06-16T09:53:27 CDT" finished-at="2020-06-16T09:53:28 CDT">
          <reporter-output>
          </reporter-output>
        </test-method> <!-- closeBrowser -->
      </class> <!-- HomePage.TC_11Test -->
    </test> <!-- Test11 -->
  </suite> <!-- Suite -->
</testng-results>
